===============================================================
Gobuster v3.0.1
by OJ Reeves (@TheColonial) & Christian Mehlmauer (@_FireFart_)
===============================================================
[+] Url:            http://10.10.10.180
[+] Threads:        20
[+] Wordlist:       /usr/share/wordlists/dirbuster/directory-list-2.3-medium.txt
[+] Status codes:   200,204,301,302,307,401,403
[+] User Agent:     gobuster/3.0.1
[+] Timeout:        10s
===============================================================
2020/05/22 00:27:57 Starting gobuster
===============================================================
/blog (Status: 200)
/contact (Status: 200)
/home (Status: 200)
/products (Status: 200)
/people (Status: 200)
/Home (Status: 200)
/Products (Status: 200)
/Contact (Status: 200)
/install (Status: 302)
/Blog (Status: 200)
/about-us (Status: 200)
/People (Status: 200)
/INSTALL (Status: 302)
/1112 (Status: 200)
